[debug] [2023-01-11T20:57:51.983Z] ----------------------------------------------------------------------
[debug] [2023-01-11T20:57:51.986Z] Command:       C:\Program Files\nodejs\node.exe C:\Users\NPC-ICT\AppData\Roaming\npm\node_modules\firebase-tools\lib\bin\firebase.js init
[debug] [2023-01-11T20:57:51.987Z] CLI Version:   11.20.0
[debug] [2023-01-11T20:57:51.987Z] Platform:      win32
[debug] [2023-01-11T20:57:51.987Z] Node Version:  v18.12.0
[debug] [2023-01-11T20:57:51.989Z] Time:          Wed Jan 11 2023 12:57:51 GMT-0800 (Pacific Standard Time)
[debug] [2023-01-11T20:57:51.989Z] ----------------------------------------------------------------------
[debug] 
[debug] [2023-01-11T20:57:52.063Z] > command requires scopes: ["email","openid","https://www.googleapis.com/auth/cloudplatformprojects.readonly","https://www.googleapis.com/auth/firebase","https://www.googleapis.com/auth/cloud-platform"]
[debug] [2023-01-11T20:57:52.064Z] > authorizing via signed-in user (abdulrazaq556@gmail.com)
[info] 
     ######## #### ########  ######## ########     ###     ######  ########
     ##        ##  ##     ## ##       ##     ##  ##   ##  ##       ##
     ######    ##  ########  ######   ########  #########  ######  ######
     ##        ##  ##    ##  ##       ##     ## ##     ##       ## ##
     ##       #### ##     ## ######## ########  ##     ##  ######  ########

You're about to initialize a Firebase project in this directory:

  C:\Users\NPC-ICT\Desktop\pisciumWebApp

Before we get started, keep in mind:

  * You are initializing within an existing Firebase project directory

[info] 
=== Project Setup
[info] 
[info] First, let's associate this project directory with a Firebase project.
[info] You can create multiple project aliases by running firebase use --add, 
[info] but for now we'll just set up a default project.
[info] 
[debug] [2023-01-11T20:57:59.374Z] Using project from CLI flag: pisciumweb
[debug] [2023-01-11T20:57:59.378Z] >>> [apiv2][query] GET https://firebase.googleapis.com/v1beta1/projects/pisciumweb [none]
[debug] [2023-01-11T20:58:00.154Z] <<< [apiv2][status] GET https://firebase.googleapis.com/v1beta1/projects/pisciumweb 200
[debug] [2023-01-11T20:58:00.154Z] <<< [apiv2][body] GET https://firebase.googleapis.com/v1beta1/projects/pisciumweb {"projectId":"pisciumweb","projectNumber":"693293415887","displayName":"pisciumWeb","name":"projects/pisciumweb","resources":{"hostingSite":"pisciumweb","storageBucket":"pisciumweb.appspot.com","locationId":"us-central"},"state":"ACTIVE","etag":"1_2db56aa3-0fca-4363-8a12-dd4777d3c5d7"}
[info] i  Using project pisciumweb (pisciumWeb) 
[info] 
=== Hosting:github Setup
[info] 
[info] i  Detected a .git folder at C:\Users\NPC-ICT\Desktop\pisciumWebApp 
[info] i  Authorizing with GitHub to upload your service account to a GitHub repository's secrets store. 
[info] 
[info] Visit this URL on this device to log in:
[info] https://github.com/login/oauth/authorize?client_id=89cf50f02ac6aaed3484&state=1020535201&redirect_uri=http%3A%2F%2Flocalhost%3A9005&scope=read%3Auser%20repo%20public_repo
[info] 
[info] Waiting for authentication...
[debug] [2023-01-11T20:58:19.552Z] >>> [apiv2][query] POST https://github.com/login/oauth/access_token [none]
[debug] [2023-01-11T20:58:19.553Z] >>> [apiv2][body] POST https://github.com/login/oauth/access_token [stream]
[debug] [2023-01-11T20:58:21.387Z] <<< [apiv2][status] POST https://github.com/login/oauth/access_token 200
[debug] [2023-01-11T20:58:21.387Z] <<< [apiv2][body] POST https://github.com/login/oauth/access_token {"access_token":"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","token_type":"bearer","scope":"read:user,repo"}
[debug] [2023-01-11T20:58:21.413Z] >>> [apiv2][query] GET https://api.github.com/user [none]
[debug] [2023-01-11T20:58:22.230Z] <<< [apiv2][status] GET https://api.github.com/user 200
[debug] [2023-01-11T20:58:22.230Z] <<< [apiv2][body] GET https://api.github.com/user {"login":"Faruq-Abdulrazaq","id":58655897,"node_id":"MDQ6VXNlcjU4NjU1ODk3","avatar_url":"https://avatars.githubusercontent.com/u/58655897?v=4","gravatar_id":"","url":"https://api.github.com/users/Faruq-Abdulrazaq","html_url":"https://github.com/Faruq-Abdulrazaq","followers_url":"https://api.github.com/users/Faruq-Abdulrazaq/followers","following_url":"https://api.github.com/users/Faruq-Abdulrazaq/following{/other_user}","gists_url":"https://api.github.com/users/Faruq-Abdulrazaq/gists{/gist_id}","starred_url":"https://api.github.com/users/Faruq-Abdulrazaq/starred{/owner}{/repo}","subscriptions_url":"https://api.github.com/users/Faruq-Abdulrazaq/subscriptions","organizations_url":"https://api.github.com/users/Faruq-Abdulrazaq/orgs","repos_url":"https://api.github.com/users/Faruq-Abdulrazaq/repos","events_url":"https://api.github.com/users/Faruq-Abdulrazaq/events{/privacy}","received_events_url":"https://api.github.com/users/Faruq-Abdulrazaq/received_events","type":"User","site_admin":false,"name":"Faruq Abdulrazaq","company":null,"blog":"","location":"Nigeria","email":null,"hireable":null,"bio":"\r\nSoftware engineer and a Full stack developer","twitter_username":"farukabdul3","public_repos":10,"public_gists":0,"followers":0,"following":0,"created_at":"2019-12-08T11:20:19Z","updated_at":"2023-01-10T11:30:59Z","private_gists":0,"total_private_repos":1,"owned_private_repos":1,"disk_usage":8290,"collaborators":1,"two_factor_authentication":false,"plan":{"name":"free","space":976562499,"collaborators":0,"private_repos":10000}}
[info] 
[info] +  Success! Logged into GitHub as Faruq-Abdulrazaq 
[info] 
